


ARM Macro Assembler    Page 1 


    1 00000000         ; Vector Table Mapped to Address 0 at Reset
    2 00000000         
    3 00000000                 PRESERVE8
    4 00000000                 THUMB
    5 00000000         
    6 00000000                 AREA             RESET, DATA, READONLY ; First 3
                                                            2 WORDS is VECTOR T
                                                            ABLE
    7 00000000                 EXPORT           __Vectors
    8 00000000         
    9 00000000 000003FC 
                       __Vectors
                               DCD              0x000003FC  ; 1K Internal Memor
                                                            y
   10 00000004 00000000        DCD              Reset_Handler
   11 00000008 00000000        DCD              0
   12 0000000C 00000000        DCD              0
   13 00000010 00000000        DCD              0
   14 00000014 00000000        DCD              0
   15 00000018 00000000        DCD              0
   16 0000001C 00000000        DCD              0
   17 00000020 00000000        DCD              0
   18 00000024 00000000        DCD              0
   19 00000028 00000000        DCD              0
   20 0000002C 00000000        DCD              0
   21 00000030 00000000        DCD              0
   22 00000034 00000000        DCD              0
   23 00000038 00000000        DCD              0
   24 0000003C 00000000        DCD              0
   25 00000040         
   26 00000040         ; External Interrupts
   27 00000040         
   28 00000040 00000000        DCD              BTN_Handler
   29 00000044 00000000        DCD              TIMER_Handler
   30 00000048 00000000        DCD              0
   31 0000004C 00000000        DCD              0
   32 00000050 00000000        DCD              0
   33 00000054 00000000        DCD              0
   34 00000058 00000000        DCD              0
   35 0000005C 00000000        DCD              0
   36 00000060 00000000        DCD              0
   37 00000064 00000000        DCD              0
   38 00000068 00000000        DCD              0
   39 0000006C 00000000        DCD              0
   40 00000070 00000000        DCD              0
   41 00000074 00000000        DCD              0
   42 00000078 00000000        DCD              0
   43 0000007C 00000000        DCD              0
   44 00000080         
   45 00000080                 AREA             |.text|, CODE, READONLY
   46 00000000         ;Reset Handler
   47 00000000         Reset_Handler
                               PROC
   48 00000000                 GLOBAL           Reset_Handler
   49 00000000                 ENTRY
   50 00000000         
   51 00000000 490D            LDR              R1, =0xE000E100 ;Interrupt Set 
                                                            Enable Register
   52 00000002 480E            LDR              R0, =0x00000003



ARM Macro Assembler    Page 2 


   53 00000004 6008            STR              R0, [R1]
   54 00000006         
   55 00000006 490E            LDR              R1, =0x50000000 ; Reset LED
   56 00000008 2001            MOVS             R0,#1
   57 0000000A 6008            STR              R0, [R1]
   58 0000000C         ;Configure the timer
   59 0000000C 4B0D            LDR              R3, =0x51000000 
                                                            ; Reset shumaguan
   60 0000000E 2401            MOVS             R4,#1
   61 00000010 601C            STR              R4, [R3]
   62 00000012         
   63 00000012         
   64 00000012         
   65 00000012 490D            LDR              R1, =0x52000000 ;timer load val
                                                            ue register
   66 00000014 480D            LDR              R0, =0x00000001 ;=50,000,000 (s
                                                            ystem tick frequenc
                                                            y)//0x02faf080
   67 00000016 6008            STR              R0, [R1]
   68 00000018 490D            LDR              R1, =0x52000008 ;timer control 
                                                            register
   69 0000001A 2003            MOVS             R0, #0x03   ;prescaler=1, enabl
                                                            e timer, reload mod
                                                            e
   70 0000001C 6008            STR              R0, [R1]
   71 0000001E         
   72 0000001E E7FE    AGAIN1  B                AGAIN1
   73 00000020                 ENDP
   74 00000020         
   75 00000020         BTN_Handler
                               PROC
   76 00000020 B500            PUSH             {LR}
   77 00000022 BD00            POP{PC}
   78 00000024                 ENDP
   79 00000024         TIMER_Handler
                               PROC
   80 00000024 B51B            PUSH             {R0,R1,R3,R4,LR}
   81 00000026         ;LDR  R1, =0x5200000c  ;clear timer     
   82 00000026         ;  MOVS R0, #0x01
   83 00000026         ;STR  R0, [R1]
   84 00000026 4806            LDR              R0, =0x50000000
   85 00000028 6801            LDR              R1,[R0]
   86 0000002A 1C49            ADDS             R1,R1,#1    ; add 2
   87 0000002C 6001            STR              R1,[R0]     ; send to led
   88 0000002E 4B05            LDR              R3, =0x51000000
   89 00000030 681C            LDR              R4,[R3]
   90 00000032 1C64            ADDS             R4,R4,#1    ; add 2
   91 00000034 601C            STR              R4,[R3]     ; send to led
   92 00000036         
   93 00000036 BD1B            POP              {R0,R1,R3,R4,PC}
   94 00000038                 ENDP
   95 00000038                 END
              E000E100 
              00000003 
              50000000 
              51000000 
              52000000 
              00000001 
              52000008 



ARM Macro Assembler    Page 3 


Command Line: --debug --xref --diag_suppress=9931 --cpu=Cortex-M0 --apcs=interw
ork --depend=.\objects\main.d -o.\objects\main.o -IE:\keil\ARM\CMSIS\5.7.0\Devi
ce\ARM\ARMCM0\Include -IE:\keil\ARM\CMSIS\5.7.0 --predefine="__EVAL SETA 1" --p
redefine="__UVISION_VERSION SETA 534" --predefine="ARMCM0 SETA 1" --list=.\list
ings\main.lst main.s



ARM Macro Assembler    Page 1 Alphabetic symbol ordering
Relocatable symbols

RESET 00000000

Symbol: RESET
   Definitions
      At line 6 in file main.s
   Uses
      None
Comment: RESET unused
__Vectors 00000000

Symbol: __Vectors
   Definitions
      At line 9 in file main.s
   Uses
      At line 7 in file main.s
Comment: __Vectors used once
2 symbols



ARM Macro Assembler    Page 1 Alphabetic symbol ordering
Relocatable symbols

.text 00000000

Symbol: .text
   Definitions
      At line 45 in file main.s
   Uses
      None
Comment: .text unused
AGAIN1 0000001E

Symbol: AGAIN1
   Definitions
      At line 72 in file main.s
   Uses
      At line 72 in file main.s
Comment: AGAIN1 used once
BTN_Handler 00000020

Symbol: BTN_Handler
   Definitions
      At line 75 in file main.s
   Uses
      At line 28 in file main.s
Comment: BTN_Handler used once
Reset_Handler 00000000

Symbol: Reset_Handler
   Definitions
      At line 47 in file main.s
   Uses
      At line 10 in file main.s
      At line 48 in file main.s

TIMER_Handler 00000024

Symbol: TIMER_Handler
   Definitions
      At line 79 in file main.s
   Uses
      At line 29 in file main.s
Comment: TIMER_Handler used once
5 symbols
342 symbols in table
